  Reading Qt configuration (C:/Qt/6.3.0/msvc2019_64/bin/qmake)
  View.cpp
C:\Users\banna\Documents\clahess\View.cpp(30,17): error C7568: argument list missing after assumed function template 'is_same_v'
C:\Users\banna\Documents\clahess\View.cpp(64): message : see reference to function template instantiation 'QPushButton *view::ChessWindow::addSquare<nullptr>(int,int)' being compiled
C:\Users\banna\Documents\clahess\View.cpp(30): error C2062: type 'unknown-type' unexpected
C:\Users\banna\Documents\clahess\View.cpp(31,1): error C2143: syntax error: missing ';' before '{'
C:\Users\banna\Documents\clahess\View.cpp(31,1): error C2059: syntax error: ')'
