  Reading Qt configuration (C:/Qt/6.3.0/msvc2019_64/bin/qmake)
  Board.cpp
  Game.cpp
  King.cpp
  Knight.cpp
  main.cpp
  Piece.cpp
  Player.cpp
  Rook.cpp
  TemporaryPiece.cpp
C:\Users\banna\Documents\clahess\alt\main.cpp(1,1): warning C4828: The file contains a character starting at offset 0x375 that is illegal in the current source character set (codepage 65001).
C:\Users\banna\Documents\clahess\alt\main.cpp(1,1): warning C4828: The file contains a character starting at offset 0x531 that is illegal in the current source character set (codepage 65001).
C:\Users\banna\Documents\clahess\alt\main.cpp(1,1): warning C4828: The file contains a character starting at offset 0x558 that is illegal in the current source character set (codepage 65001).
C:\Users\banna\Documents\clahess\alt\main.cpp(1,1): warning C4828: The file contains a character starting at offset 0x5af that is illegal in the current source character set (codepage 65001).
C:\Users\banna\Documents\clahess\alt\main.cpp(1,1): warning C4828: The file contains a character starting at offset 0x670 that is illegal in the current source character set (codepage 65001).
C:\Users\banna\Documents\clahess\alt\main.cpp(1,1): warning C4828: The file contains a character starting at offset 0x722 that is illegal in the current source character set (codepage 65001).
C:\Users\banna\Documents\clahess\alt\main.cpp(1,1): warning C4828: The file contains a character starting at offset 0x72d that is illegal in the current source character set (codepage 65001).
C:\Users\banna\Documents\clahess\alt\main.cpp(1,1): warning C4828: The file contains a character starting at offset 0x74a that is illegal in the current source character set (codepage 65001).
C:\Users\banna\Documents\clahess\alt\main.cpp(1,1): warning C4828: The file contains a character starting at offset 0x8b4 that is illegal in the current source character set (codepage 65001).
C:\Users\banna\Documents\clahess\alt\Piece.h(20,8): error C2061: syntax error: identifier 'Square' (compiling source file Knight.cpp)
C:\Users\banna\Documents\clahess\alt\Piece.h(20,7): error C2535: 'Piece::Piece(void)': member function already defined or declared (compiling source file Knight.cpp)
C:\Users\banna\Documents\clahess\alt\Piece.h(17): message : see declaration of 'Piece::Piece' (compiling source file Knight.cpp)
C:\Users\banna\Documents\clahess\alt\Piece.h(21,30): error C2061: syntax error: identifier 'Square' (compiling source file Knight.cpp)
C:\Users\banna\Documents\clahess\alt\Piece.h(22,39): error C2061: syntax error: identifier 'Square' (compiling source file Knight.cpp)
C:\Users\banna\Documents\clahess\alt\Piece.h(23,20): error C2061: syntax error: identifier 'Square' (compiling source file Knight.cpp)
C:\Users\banna\Documents\clahess\alt\Piece.h(27,12): error C2065: 'Square': undeclared identifier (compiling source file Knight.cpp)
C:\Users\banna\Documents\clahess\alt\Piece.h(27,19): error C2059: syntax error: '>' (compiling source file Knight.cpp)
C:\Users\banna\Documents\clahess\alt\Piece.h(20,45): error C2065: 'color': undeclared identifier (compiling source file Knight.cpp)
C:\Users\banna\Documents\clahess\alt\Square.h(23,2): error C7568: argument list missing after assumed function template 'shared_ptr' (compiling source file Knight.cpp)
C:\Users\banna\Documents\clahess\alt\Square.h(23,33): error C2439: 'Square::currentPiece': member could not be initialized (compiling source file Knight.cpp)
C:\Users\banna\Documents\clahess\alt\Square.h(23): message : see declaration of 'Square::currentPiece' (compiling source file Knight.cpp)
C:\Users\banna\Documents\clahess\alt\Knight.h(20,7): error C3668: 'Knight::updatePossiblePositions': method with override specifier 'override' did not override any base class methods (compiling source file Knight.cpp)
C:\Users\banna\Documents\clahess\alt\Square.h(23,13): error C2065: 'Piece': undeclared identifier (compiling source file Piece.cpp)
C:\Users\banna\Documents\clahess\alt\Square.h(23,2): error C7568: argument list missing after assumed function template 'shared_ptr' (compiling source file Piece.cpp)
C:\Users\banna\Documents\clahess\alt\Square.h(23,33): error C2439: 'Square::currentPiece': member could not be initialized (compiling source file Piece.cpp)
C:\Users\banna\Documents\clahess\alt\Square.h(23): message : see declaration of 'Square::currentPiece' (compiling source file Piece.cpp)
C:\Users\banna\Documents\clahess\alt\Piece.h(20,8): error C2061: syntax error: identifier 'Square' (compiling source file main.cpp)
C:\Users\banna\Documents\clahess\alt\Piece.h(20,7): error C2535: 'Piece::Piece(void)': member function already defined or declared (compiling source file main.cpp)
C:\Users\banna\Documents\clahess\alt\Piece.h(17): message : see declaration of 'Piece::Piece' (compiling source file main.cpp)
C:\Users\banna\Documents\clahess\alt\Piece.h(21,30): error C2061: syntax error: identifier 'Square' (compiling source file main.cpp)
C:\Users\banna\Documents\clahess\alt\Piece.h(22,39): error C2061: syntax error: identifier 'Square' (compiling source file main.cpp)
C:\Users\banna\Documents\clahess\alt\Piece.h(23,20): error C2061: syntax error: identifier 'Square' (compiling source file main.cpp)
C:\Users\banna\Documents\clahess\alt\Piece.h(27,12): error C2065: 'Square': undeclared identifier (compiling source file main.cpp)
C:\Users\banna\Documents\clahess\alt\Piece.h(27,19): error C2059: syntax error: '>' (compiling source file main.cpp)
C:\Users\banna\Documents\clahess\alt\Piece.h(20,45): error C2065: 'color': undeclared identifier (compiling source file main.cpp)
C:\Users\banna\Documents\clahess\alt\Square.h(23,2): error C7568: argument list missing after assumed function template 'shared_ptr' (compiling source file main.cpp)
C:\Users\banna\Documents\clahess\alt\Square.h(23,33): error C2439: 'Square::currentPiece': member could not be initialized (compiling source file main.cpp)
C:\Users\banna\Documents\clahess\alt\Square.h(23): message : see declaration of 'Square::currentPiece' (compiling source file main.cpp)
C:\Users\banna\Documents\clahess\alt\Piece.cpp(45,42): error C2593: 'operator <<' is ambiguous
C:\Program Files (x86)\Microsoft Visual Studio\2019\Enterprise\VC\Tools\MSVC\14.29.30133\include\ostream(465,39): message : could be 'std::basic_ostream<char,std::char_traits<char>> &std::basic_ostream<char,std::char_traits<char>>::operator <<(std::basic_streambuf<char,std::char_traits<char>> *)' (compiling source file Piece.cpp)
C:\Program Files (x86)\Microsoft Visual Studio\2019\Enterprise\VC\Tools\MSVC\14.29.30133\include\ostream(440,39): message : or       'std::basic_ostream<char,std::char_traits<char>> &std::basic_ostream<char,std::char_traits<char>>::operator <<(const void *)' (compiling source file Piece.cpp)
C:\Program Files (x86)\Microsoft Visual Studio\2019\Enterprise\VC\Tools\MSVC\14.29.30133\include\ostream(422,39): message : or       'std::basic_ostream<char,std::char_traits<char>> &std::basic_ostream<char,std::char_traits<char>>::operator <<(long double)' (compiling source file Piece.cpp)
C:\Users\banna\Documents\clahess\alt\Piece.h(20,8): error C2061: syntax error: identifier 'Square' (compiling source file Game.cpp)
C:\Users\banna\Documents\clahess\alt\Piece.h(20,8): error C2061: syntax error: identifier 'Square' (compiling source file Player.cpp)
C:\Users\banna\Documents\clahess\alt\Piece.h(20,7): error C2535: 'Piece::Piece(void)': member function already defined or declared (compiling source file Game.cpp)
C:\Users\banna\Documents\clahess\alt\Piece.h(17): message : see declaration of 'Piece::Piece' (compiling source file Game.cpp)
C:\Users\banna\Documents\clahess\alt\Piece.h(20,7): error C2535: 'Piece::Piece(void)': member function already defined or declared (compiling source file Player.cpp)
C:\Users\banna\Documents\clahess\alt\Piece.h(17): message : see declaration of 'Piece::Piece' (compiling source file Player.cpp)
C:\Users\banna\Documents\clahess\alt\Piece.h(21,30): error C2061: syntax error: identifier 'Square' (compiling source file Game.cpp)
C:\Program Files (x86)\Microsoft Visual Studio\2019\Enterprise\VC\Tools\MSVC\14.29.30133\include\ostream(404,39): message : or       'std::basic_ostream<char,std::char_traits<char>> &std::basic_ostream<char,std::char_traits<char>>::operator <<(double)' (compiling source file Piece.cpp)
C:\Users\banna\Documents\clahess\alt\Piece.h(21,30): error C2061: syntax error: identifier 'Square' (compiling source file Player.cpp)
C:\Users\banna\Documents\clahess\alt\Piece.h(22,39): error C2061: syntax error: identifier 'Square' (compiling source file Game.cpp)
C:\Program Files (x86)\Microsoft Visual Studio\2019\Enterprise\VC\Tools\MSVC\14.29.30133\include\ostream(386,39): message : or       'std::basic_ostream<char,std::char_traits<char>> &std::basic_ostream<char,std::char_traits<char>>::operator <<(float)' (compiling source file Piece.cpp)
C:\Users\banna\Documents\clahess\alt\Piece.h(22,39): error C2061: syntax error: identifier 'Square' (compiling source file Player.cpp)
C:\Users\banna\Documents\clahess\alt\Piece.h(23,20): error C2061: syntax error: identifier 'Square' (compiling source file Game.cpp)
C:\Program Files (x86)\Microsoft Visual Studio\2019\Enterprise\VC\Tools\MSVC\14.29.30133\include\ostream(368,39): message : or       'std::basic_ostream<char,std::char_traits<char>> &std::basic_ostream<char,std::char_traits<char>>::operator <<(unsigned __int64)' (compiling source file Piece.cpp)
C:\Users\banna\Documents\clahess\alt\Piece.h(23,20): error C2061: syntax error: identifier 'Square' (compiling source file Player.cpp)
C:\Program Files (x86)\Microsoft Visual Studio\2019\Enterprise\VC\Tools\MSVC\14.29.30133\include\ostream(350,39): message : or       'std::basic_ostream<char,std::char_traits<char>> &std::basic_ostream<char,std::char_traits<char>>::operator <<(__int64)' (compiling source file Piece.cpp)
C:\Users\banna\Documents\clahess\alt\Piece.h(27,12): error C2065: 'Square': undeclared identifier (compiling source file Game.cpp)
C:\Program Files (x86)\Microsoft Visual Studio\2019\Enterprise\VC\Tools\MSVC\14.29.30133\include\ostream(332,39): message : or       'std::basic_ostream<char,std::char_traits<char>> &std::basic_ostream<char,std::char_traits<char>>::operator <<(unsigned long)' (compiling source file Piece.cpp)
C:\Program Files (x86)\Microsoft Visual Studio\2019\Enterprise\VC\Tools\MSVC\14.29.30133\include\ostream(314,39): message : or       'std::basic_ostream<char,std::char_traits<char>> &std::basic_ostream<char,std::char_traits<char>>::operator <<(long)' (compiling source file Piece.cpp)
C:\Users\banna\Documents\clahess\alt\Piece.h(27,12): error C2065: 'Square': undeclared identifier (compiling source file Player.cpp)
C:\Program Files (x86)\Microsoft Visual Studio\2019\Enterprise\VC\Tools\MSVC\14.29.30133\include\ostream(295,39): message : or       'std::basic_ostream<char,std::char_traits<char>> &std::basic_ostream<char,std::char_traits<char>>::operator <<(unsigned int)' (compiling source file Piece.cpp)
C:\Users\banna\Documents\clahess\alt\Piece.h(27,19): error C2059: syntax error: '>' (compiling source file Game.cpp)
C:\Users\banna\Documents\clahess\alt\Piece.h(27,19): error C2059: syntax error: '>' (compiling source file Player.cpp)
C:\Program Files (x86)\Microsoft Visual Studio\2019\Enterprise\VC\Tools\MSVC\14.29.30133\include\ostream(269,39): message : or       'std::basic_ostream<char,std::char_traits<char>> &std::basic_ostream<char,std::char_traits<char>>::operator <<(int)' (compiling source file Piece.cpp)
C:\Program Files (x86)\Microsoft Visual Studio\2019\Enterprise\VC\Tools\MSVC\14.29.30133\include\ostream(250,39): message : or       'std::basic_ostream<char,std::char_traits<char>> &std::basic_ostream<char,std::char_traits<char>>::operator <<(unsigned short)' (compiling source file Piece.cpp)
C:\Users\banna\Documents\clahess\alt\Piece.h(20,45): error C2065: 'color': undeclared identifier (compiling source file Game.cpp)
C:\Users\banna\Documents\clahess\alt\Piece.h(20,45): error C2065: 'color': undeclared identifier (compiling source file Player.cpp)
C:\Program Files (x86)\Microsoft Visual Studio\2019\Enterprise\VC\Tools\MSVC\14.29.30133\include\ostream(216,39): message : or       'std::basic_ostream<char,std::char_traits<char>> &std::basic_ostream<char,std::char_traits<char>>::operator <<(short)' (compiling source file Piece.cpp)
C:\Program Files (x86)\Microsoft Visual Studio\2019\Enterprise\VC\Tools\MSVC\14.29.30133\include\ostream(198,39): message : or       'std::basic_ostream<char,std::char_traits<char>> &std::basic_ostream<char,std::char_traits<char>>::operator <<(bool)' (compiling source file Piece.cpp)
C:\Program Files (x86)\Microsoft Visual Studio\2019\Enterprise\VC\Tools\MSVC\14.29.30133\include\ostream(193,39): message : or       'std::basic_ostream<char,std::char_traits<char>> &std::basic_ostream<char,std::char_traits<char>>::operator <<(std::ios_base &(__cdecl *)(std::ios_base &))' (compiling source file Piece.cpp)
C:\Program Files (x86)\Microsoft Visual Studio\2019\Enterprise\VC\Tools\MSVC\14.29.30133\include\ostream(188,39): message : or       'std::basic_ostream<char,std::char_traits<char>> &std::basic_ostream<char,std::char_traits<char>>::operator <<(std::basic_ios<char,std::char_traits<char>> &(__cdecl *)(std::basic_ios<char,std::char_traits<char>> &))' (compiling source file Piece.cpp)
C:\Program Files (x86)\Microsoft Visual Studio\2019\Enterprise\VC\Tools\MSVC\14.29.30133\include\ostream(183,39): message : or       'std::basic_ostream<char,std::char_traits<char>> &std::basic_ostream<char,std::char_traits<char>>::operator <<(std::basic_ostream<char,std::char_traits<char>> &(__cdecl *)(std::basic_ostream<char,std::char_traits<char>> &))' (compiling source file Piece.cpp)
C:\Users\banna\Documents\clahess\alt\Piece.cpp(39,10): message : or       'std::ostream &operator <<(std::ostream &,const Square &)'
C:\Users\banna\Documents\clahess\alt\Square.h(23,2): error C7568: argument list missing after assumed function template 'shared_ptr' (compiling source file Game.cpp)
C:\Users\banna\Documents\clahess\alt\Square.h(23,2): error C7568: argument list missing after assumed function template 'shared_ptr' (compiling source file Player.cpp)
C:\Users\banna\Documents\clahess\alt\Piece.cpp(33,10): message : or       'std::ostream &operator <<(std::ostream &,const Piece &)'
C:\Program Files (x86)\Microsoft Visual Studio\2019\Enterprise\VC\Tools\MSVC\14.29.30133\include\ostream(460,20): message : or       'std::basic_ostream<char,std::char_traits<char>> &std::basic_ostream<char,std::char_traits<char>>::operator <<<void>(std::nullptr_t)' (compiling source file Piece.cpp)
C:\Program Files (x86)\Microsoft Visual Studio\2019\Enterprise\VC\Tools\MSVC\14.29.30133\include\ostream(1037,32): message : or       'std::basic_ostream<char,std::char_traits<char>> &std::operator <<<char,std::char_traits<char>>(std::basic_ostream<char,std::char_traits<char>> &,const std::error_code &)' (compiling source file Piece.cpp)
C:\Users\banna\Documents\clahess\alt\Square.h(23,33): error C2439: 'Square::currentPiece': member could not be initialized (compiling source file Player.cpp)
C:\Users\banna\Documents\clahess\alt\Square.h(23): message : see declaration of 'Square::currentPiece' (compiling source file Player.cpp)
C:\Users\banna\Documents\clahess\alt\Square.h(23,33): error C2439: 'Square::currentPiece': member could not be initialized (compiling source file Game.cpp)
C:\Users\banna\Documents\clahess\alt\Square.h(23): message : see declaration of 'Square::currentPiece' (compiling source file Game.cpp)
C:\Program Files (x86)\Microsoft Visual Studio\2019\Enterprise\VC\Tools\MSVC\14.29.30133\include\ostream(953,31): message : or       'std::basic_ostream<char,std::char_traits<char>> &std::operator <<<std::char_traits<char>>(std::basic_ostream<char,std::char_traits<char>> &,const char32_t *)' (compiling source file Piece.cpp)
C:\Program Files (x86)\Microsoft Visual Studio\2019\Enterprise\VC\Tools\MSVC\14.29.30133\include\ostream(951,31): message : or       'std::basic_ostream<char,std::char_traits<char>> &std::operator <<<std::char_traits<char>>(std::basic_ostream<char,std::char_traits<char>> &,const char16_t *)' (compiling source file Piece.cpp)
C:\Program Files (x86)\Microsoft Visual Studio\2019\Enterprise\VC\Tools\MSVC\14.29.30133\include\ostream(943,31): message : or       'std::basic_ostream<char,std::char_traits<char>> &std::operator <<<std::char_traits<char>>(std::basic_ostream<char,std::char_traits<char>> &,char32_t)' (compiling source file Piece.cpp)
C:\Program Files (x86)\Microsoft Visual Studio\2019\Enterprise\VC\Tools\MSVC\14.29.30133\include\ostream(941,31): message : or       'std::basic_ostream<char,std::char_traits<char>> &std::operator <<<std::char_traits<char>>(std::basic_ostream<char,std::char_traits<char>> &,char16_t)' (compiling source file Piece.cpp)
C:\Program Files (x86)\Microsoft Visual Studio\2019\Enterprise\VC\Tools\MSVC\14.29.30133\include\ostream(937,31): message : or       'std::basic_ostream<char,std::char_traits<char>> &std::operator <<<std::char_traits<char>>(std::basic_ostream<char,std::char_traits<char>> &,const wchar_t *)' (compiling source file Piece.cpp)
C:\Program Files (x86)\Microsoft Visual Studio\2019\Enterprise\VC\Tools\MSVC\14.29.30133\include\ostream(934,31): message : or       'std::basic_ostream<char,std::char_traits<char>> &std::operator <<<std::char_traits<char>>(std::basic_ostream<char,std::char_traits<char>> &,wchar_t)' (compiling source file Piece.cpp)
C:\Program Files (x86)\Microsoft Visual Studio\2019\Enterprise\VC\Tools\MSVC\14.29.30133\include\ostream(926,31): message : or       'std::basic_ostream<char,std::char_traits<char>> &std::operator <<<std::char_traits<char>>(std::basic_ostream<char,std::char_traits<char>> &,char8_t)' (compiling source file Piece.cpp)
C:\Program Files (x86)\Microsoft Visual Studio\2019\Enterprise\VC\Tools\MSVC\14.29.30133\include\ostream(920,31): message : or       'std::basic_ostream<char,std::char_traits<char>> &std::operator <<<std::char_traits<char>>(std::basic_ostream<char,std::char_traits<char>> &,const char8_t *)' (compiling source file Piece.cpp)
C:\Program Files (x86)\Microsoft Visual Studio\2019\Enterprise\VC\Tools\MSVC\14.29.30133\include\ostream(912,31): message : or       'std::basic_ostream<char,std::char_traits<char>> &std::operator <<<std::char_traits<char>>(std::basic_ostream<char,std::char_traits<char>> &,unsigned char)' (compiling source file Piece.cpp)
C:\Program Files (x86)\Microsoft Visual Studio\2019\Enterprise\VC\Tools\MSVC\14.29.30133\include\ostream(906,31): message : or       'std::basic_ostream<char,std::char_traits<char>> &std::operator <<<std::char_traits<char>>(std::basic_ostream<char,std::char_traits<char>> &,const unsigned char *)' (compiling source file Piece.cpp)
C:\Program Files (x86)\Microsoft Visual Studio\2019\Enterprise\VC\Tools\MSVC\14.29.30133\include\ostream(901,31): message : or       'std::basic_ostream<char,std::char_traits<char>> &std::operator <<<std::char_traits<char>>(std::basic_ostream<char,std::char_traits<char>> &,signed char)' (compiling source file Piece.cpp)
C:\Program Files (x86)\Microsoft Visual Studio\2019\Enterprise\VC\Tools\MSVC\14.29.30133\include\ostream(895,31): message : or       'std::basic_ostream<char,std::char_traits<char>> &std::operator <<<std::char_traits<char>>(std::basic_ostream<char,std::char_traits<char>> &,const signed char *)' (compiling source file Piece.cpp)
C:\Program Files (x86)\Microsoft Visual Studio\2019\Enterprise\VC\Tools\MSVC\14.29.30133\include\ostream(778,31): message : or       'std::basic_ostream<char,std::char_traits<char>> &std::operator <<<std::char_traits<char>>(std::basic_ostream<char,std::char_traits<char>> &,char)' (compiling source file Piece.cpp)
C:\Users\banna\Documents\clahess\alt\Piece.h(20,8): error C2061: syntax error: identifier 'Square' (compiling source file King.cpp)
C:\Program Files (x86)\Microsoft Visual Studio\2019\Enterprise\VC\Tools\MSVC\14.29.30133\include\ostream(733,31): message : or       'std::basic_ostream<char,std::char_traits<char>> &std::operator <<<std::char_traits<char>>(std::basic_ostream<char,std::char_traits<char>> &,const char *)' (compiling source file Piece.cpp)
C:\Program Files (x86)\Microsoft Visual Studio\2019\Enterprise\VC\Tools\MSVC\14.29.30133\include\ostream(697,32): message : or       'std::basic_ostream<char,std::char_traits<char>> &std::operator <<<char,std::char_traits<char>>(std::basic_ostream<char,std::char_traits<char>> &,char)' (compiling source file Piece.cpp)
C:\Users\banna\Documents\clahess\alt\Piece.h(20,7): error C2535: 'Piece::Piece(void)': member function already defined or declared (compiling source file King.cpp)
C:\Users\banna\Documents\clahess\alt\Piece.h(17): message : see declaration of 'Piece::Piece' (compiling source file King.cpp)
C:\Program Files (x86)\Microsoft Visual Studio\2019\Enterprise\VC\Tools\MSVC\14.29.30133\include\ostream(653,32): message : or       'std::basic_ostream<char,std::char_traits<char>> &std::operator <<<char,std::char_traits<char>>(std::basic_ostream<char,std::char_traits<char>> &,const char *)' (compiling source file Piece.cpp)
C:\Users\banna\Documents\clahess\alt\Piece.h(21,30): error C2061: syntax error: identifier 'Square' (compiling source file King.cpp)
C:\Users\banna\Documents\clahess\alt\Piece.cpp(45,42): message : while trying to match the argument list '(std::basic_ostream<char,std::char_traits<char>>, const unknown-type)'
C:\Users\banna\Documents\clahess\alt\Piece.h(22,39): error C2061: syntax error: identifier 'Square' (compiling source file King.cpp)
C:\Users\banna\Documents\clahess\alt\Piece.h(20,8): error C2061: syntax error: identifier 'Square' (compiling source file TemporaryPiece.cpp)
C:\Users\banna\Documents\clahess\alt\Piece.h(23,20): error C2061: syntax error: identifier 'Square' (compiling source file King.cpp)
C:\Users\banna\Documents\clahess\alt\Piece.h(20,7): error C2535: 'Piece::Piece(void)': member function already defined or declared (compiling source file TemporaryPiece.cpp)
C:\Users\banna\Documents\clahess\alt\Piece.h(17): message : see declaration of 'Piece::Piece' (compiling source file TemporaryPiece.cpp)
C:\Users\banna\Documents\clahess\alt\Piece.h(21,30): error C2061: syntax error: identifier 'Square' (compiling source file TemporaryPiece.cpp)
C:\Users\banna\Documents\clahess\alt\Piece.h(27,12): error C2065: 'Square': undeclared identifier (compiling source file King.cpp)
C:\Users\banna\Documents\clahess\alt\Piece.h(22,39): error C2061: syntax error: identifier 'Square' (compiling source file TemporaryPiece.cpp)
C:\Users\banna\Documents\clahess\alt\Piece.h(23,20): error C2061: syntax error: identifier 'Square' (compiling source file TemporaryPiece.cpp)
C:\Users\banna\Documents\clahess\alt\Piece.h(27,19): error C2059: syntax error: '>' (compiling source file King.cpp)
C:\Users\banna\Documents\clahess\alt\Piece.h(27,12): error C2065: 'Square': undeclared identifier (compiling source file TemporaryPiece.cpp)
C:\Users\banna\Documents\clahess\alt\Piece.h(20,45): error C2065: 'color': undeclared identifier (compiling source file King.cpp)
C:\Users\banna\Documents\clahess\alt\Piece.h(27,19): error C2059: syntax error: '>' (compiling source file TemporaryPiece.cpp)
C:\Users\banna\Documents\clahess\alt\Piece.h(20,45): error C2065: 'color': undeclared identifier (compiling source file TemporaryPiece.cpp)
C:\Users\banna\Documents\clahess\alt\Square.h(23,2): error C7568: argument list missing after assumed function template 'shared_ptr' (compiling source file King.cpp)
C:\Users\banna\Documents\clahess\alt\Square.h(23,2): error C7568: argument list missing after assumed function template 'shared_ptr' (compiling source file TemporaryPiece.cpp)
C:\Users\banna\Documents\clahess\alt\King.h(34,7): error C3668: 'King::updatePossiblePositions': method with override specifier 'override' did not override any base class methods (compiling source file main.cpp)
C:\Users\banna\Documents\clahess\alt\Player.h(20,2): error C7568: argument list missing after assumed function template 'shared_ptr' (compiling source file Player.cpp)
C:\Users\banna\Documents\clahess\alt\Rook.h(19,7): error C7568: argument list missing after assumed function template 'unique_ptr' (compiling source file main.cpp)
C:\Users\banna\Documents\clahess\alt\Player.h(18,62): error C3861: 'make_shared': identifier not found (compiling source file Player.cpp)
C:\Users\banna\Documents\clahess\alt\Rook.h(20,22): error C7568: argument list missing after assumed function template 'unique_ptr' (compiling source file main.cpp)
C:\Users\banna\Documents\clahess\alt\Rook.h(21,7): error C3668: 'Rook::updatePossiblePositions': method with override specifier 'override' did not override any base class methods (compiling source file main.cpp)
C:\Users\banna\Documents\clahess\alt\Knight.h(20,7): error C3668: 'Knight::updatePossiblePositions': method with override specifier 'override' did not override any base class methods (compiling source file main.cpp)
C:\Users\banna\Documents\clahess\alt\King.h(34,7): error C3668: 'King::updatePossiblePositions': method with override specifier 'override' did not override any base class methods (compiling source file Game.cpp)
C:\Users\banna\Documents\clahess\alt\Player.h(20,2): error C7568: argument list missing after assumed function template 'shared_ptr' (compiling source file main.cpp)
C:\Users\banna\Documents\clahess\alt\Player.h(18,62): error C3861: 'make_shared': identifier not found (compiling source file main.cpp)
C:\Users\banna\Documents\clahess\alt\Rook.h(19,7): error C7568: argument list missing after assumed function template 'unique_ptr' (compiling source file Game.cpp)
C:\Users\banna\Documents\clahess\alt\Rook.h(20,22): error C7568: argument list missing after assumed function template 'unique_ptr' (compiling source file Game.cpp)
C:\Users\banna\Documents\clahess\alt\Rook.h(21,7): error C3668: 'Rook::updatePossiblePositions': method with override specifier 'override' did not override any base class methods (compiling source file Game.cpp)
C:\Users\banna\Documents\clahess\alt\Knight.h(20,7): error C3668: 'Knight::updatePossiblePositions': method with override specifier 'override' did not override any base class methods (compiling source file Game.cpp)
C:\Users\banna\Documents\clahess\alt\Square.h(23,33): error C2439: 'Square::currentPiece': member could not be initialized (compiling source file King.cpp)
C:\Users\banna\Documents\clahess\alt\Square.h(23): message : see declaration of 'Square::currentPiece' (compiling source file King.cpp)
C:\Program Files (x86)\Microsoft Visual Studio\2019\Enterprise\VC\Tools\MSVC\14.29.30133\include\xlocmon(21,1): error C2059: syntax error: 'namespace' (compiling source file main.cpp)
C:\Program Files (x86)\Microsoft Visual Studio\2019\Enterprise\VC\Tools\MSVC\14.29.30133\include\xlocmon(21,1): error C2143: syntax error: missing ';' before '{' (compiling source file main.cpp)
C:\Users\banna\Documents\clahess\alt\Player.h(20,2): error C7568: argument list missing after assumed function template 'shared_ptr' (compiling source file Game.cpp)
C:\Program Files (x86)\Microsoft Visual Studio\2019\Enterprise\VC\Tools\MSVC\14.29.30133\include\xlocmon(21,1): error C2447: '{': missing function header (old-style formal list?) (compiling source file main.cpp)
C:\Users\banna\Documents\clahess\alt\Player.h(18,62): error C3861: 'make_shared': identifier not found (compiling source file Game.cpp)
C:\Users\banna\Documents\clahess\alt\Game.cpp(3,7): error C2533: 'Game::{ctor}': constructors not allowed a return type
C:\Users\banna\Documents\clahess\alt\Square.h(23,33): error C2439: 'Square::currentPiece': member could not be initialized (compiling source file TemporaryPiece.cpp)
C:\Users\banna\Documents\clahess\alt\Square.h(23): message : see declaration of 'Square::currentPiece' (compiling source file TemporaryPiece.cpp)
C:\Users\banna\Documents\clahess\alt\Game.cpp(6,2): error C2065: 'k': undeclared identifier
C:\Users\banna\Documents\clahess\alt\Game.cpp(6,36): error C2440: '<function-style-cast>': cannot convert from 'initializer list' to 'King'
C:\Users\banna\Documents\clahess\alt\Game.cpp(6,36): message : No constructor could take the source type, or constructor overload resolution was ambiguous
C:\Users\banna\Documents\clahess\alt\Game.cpp(7,2): error C2065: 'K': undeclared identifier
C:\Users\banna\Documents\clahess\alt\King.h(34,7): error C3668: 'King::updatePossiblePositions': method with override specifier 'override' did not override any base class methods (compiling source file King.cpp)
C:\Users\banna\Documents\clahess\alt\King.cpp(11,7): error C2440: '<function-style-cast>': cannot convert from 'initializer list' to 'Piece'
C:\Users\banna\Documents\clahess\alt\King.cpp(11,7): message : No constructor could take the source type, or constructor overload resolution was ambiguous
C:\Users\banna\Documents\clahess\alt\Game.cpp(7,36): error C2440: '<function-style-cast>': cannot convert from 'initializer list' to 'King'
C:\Users\banna\Documents\clahess\alt\Game.cpp(7,36): message : No constructor could take the source type, or constructor overload resolution was ambiguous
C:\Users\banna\Documents\clahess\alt\King.cpp(44,1): error C2723: 'King::talk': 'override' specifier illegal on function definition
C:\Users\banna\Documents\clahess\alt\Game.cpp(26,31): error C2039: 'currentPiece': is not a member of 'std::unique_ptr<Square,std::default_delete<Square>>'
C:\Users\banna\Documents\clahess\alt\Board.h(21): message : see declaration of 'std::unique_ptr<Square,std::default_delete<Square>>'
C:\Users\banna\Documents\clahess\alt\Piece.h(20,8): error C2061: syntax error: identifier 'Square' (compiling source file Board.cpp)
C:\Users\banna\Documents\clahess\alt\Piece.h(20,7): error C2535: 'Piece::Piece(void)': member function already defined or declared (compiling source file Board.cpp)
C:\Users\banna\Documents\clahess\alt\Piece.h(17): message : see declaration of 'Piece::Piece' (compiling source file Board.cpp)
C:\Users\banna\Documents\clahess\alt\Piece.h(21,30): error C2061: syntax error: identifier 'Square' (compiling source file Board.cpp)
C:\Users\banna\Documents\clahess\alt\Piece.h(22,39): error C2061: syntax error: identifier 'Square' (compiling source file Board.cpp)
C:\Users\banna\Documents\clahess\alt\Piece.h(23,20): error C2061: syntax error: identifier 'Square' (compiling source file Board.cpp)
C:\Users\banna\Documents\clahess\alt\Piece.h(27,12): error C2065: 'Square': undeclared identifier (compiling source file Board.cpp)
C:\Users\banna\Documents\clahess\alt\Game.cpp(35,10): error C2065: 'k': undeclared identifier
C:\Users\banna\Documents\clahess\alt\Piece.h(27,19): error C2059: syntax error: '>' (compiling source file Board.cpp)
C:\Users\banna\Documents\clahess\alt\Game.cpp(35,24): error C2065: 'K': undeclared identifier
C:\Users\banna\Documents\clahess\alt\Piece.h(20,45): error C2065: 'color': undeclared identifier (compiling source file Board.cpp)
C:\Users\banna\Documents\clahess\alt\TemporaryPiece.h(19,31): error C7568: argument list missing after assumed function template 'unique_ptr' (compiling source file TemporaryPiece.cpp)
C:\Users\banna\Documents\clahess\alt\TemporaryPiece.h(32,2): error C7568: argument list missing after assumed function template 'unique_ptr' (compiling source file TemporaryPiece.cpp)
C:\Users\banna\Documents\clahess\alt\TemporaryPiece.h(21,1): error C2660: 'Piece::assignToSquare': function does not take 1 arguments (compiling source file TemporaryPiece.cpp)
C:\Users\banna\Documents\clahess\alt\Piece.h(21,15): message : see declaration of 'Piece::assignToSquare' (compiling source file TemporaryPiece.cpp)
C:\Users\banna\Documents\clahess\alt\Square.h(23,2): error C7568: argument list missing after assumed function template 'shared_ptr' (compiling source file Board.cpp)
C:\Users\banna\Documents\clahess\alt\Square.h(23,33): error C2439: 'Square::currentPiece': member could not be initialized (compiling source file Board.cpp)
C:\Users\banna\Documents\clahess\alt\Square.h(23): message : see declaration of 'Square::currentPiece' (compiling source file Board.cpp)
C:\Users\banna\Documents\clahess\alt\Game.cpp(51,96): error C2664: 'void Player::makeMove(Square &,Square &)': cannot convert argument 1 from 'std::unique_ptr<Square,std::default_delete<Square>>' to 'Square &'
C:\Users\banna\Documents\clahess\alt\Player.h(21,7): message : see declaration of 'Player::makeMove' (compiling source file Game.cpp)
C:\Users\banna\Documents\clahess\alt\TemporaryPiece.cpp(5,64): error C2511: 'TemporaryPiece::TemporaryPiece(Piece &,Square &)': overloaded member function not found in 'TemporaryPiece'
C:\Users\banna\Documents\clahess\alt\TemporaryPiece.h(16): message : see declaration of 'TemporaryPiece'
C:\Users\banna\Documents\clahess\alt\TemporaryPiece.cpp(6,1): error C2550: 'TemporaryPiece::{ctor}': constructor initializer lists are only allowed on constructor definitions
C:\Users\banna\Documents\clahess\alt\Game.cpp(61,96): error C2664: 'void Player::makeMove(Square &,Square &)': cannot convert argument 1 from 'std::unique_ptr<Square,std::default_delete<Square>>' to 'Square &'
C:\Users\banna\Documents\clahess\alt\Player.h(21,7): message : see declaration of 'Player::makeMove' (compiling source file Game.cpp)
C:\Program Files (x86)\Microsoft Visual Studio\2019\Enterprise\VC\Tools\MSVC\14.29.30133\include\iomanip(78,21): error C2760: syntax error: unexpected token 'identifier', expected 'type specifier' (compiling source file main.cpp)
C:\Program Files (x86)\Microsoft Visual Studio\2019\Enterprise\VC\Tools\MSVC\14.29.30133\include\iomanip(105,21): error C2760: syntax error: unexpected token 'identifier', expected 'type specifier' (compiling source file main.cpp)
C:\Users\banna\Documents\clahess\alt\Piece.h(20,8): error C2061: syntax error: identifier 'Square' (compiling source file Rook.cpp)
C:\Users\banna\Documents\clahess\alt\Piece.h(20,7): error C2535: 'Piece::Piece(void)': member function already defined or declared (compiling source file Rook.cpp)
C:\Users\banna\Documents\clahess\alt\Piece.h(17): message : see declaration of 'Piece::Piece' (compiling source file Rook.cpp)
C:\Users\banna\Documents\clahess\alt\Piece.h(21,30): error C2061: syntax error: identifier 'Square' (compiling source file Rook.cpp)
C:\Users\banna\Documents\clahess\alt\Piece.h(22,39): error C2061: syntax error: identifier 'Square' (compiling source file Rook.cpp)
C:\Users\banna\Documents\clahess\alt\Piece.h(23,20): error C2061: syntax error: identifier 'Square' (compiling source file Rook.cpp)
C:\Users\banna\Documents\clahess\alt\Piece.h(27,12): error C2065: 'Square': undeclared identifier (compiling source file Rook.cpp)
C:\Users\banna\Documents\clahess\alt\Piece.h(27,19): error C2059: syntax error: '>' (compiling source file Rook.cpp)
C:\Users\banna\Documents\clahess\alt\Piece.h(20,45): error C2065: 'color': undeclared identifier (compiling source file Rook.cpp)
C:\Users\banna\Documents\clahess\alt\Square.h(23,2): error C7568: argument list missing after assumed function template 'shared_ptr' (compiling source file Rook.cpp)
C:\Users\banna\Documents\clahess\alt\Square.h(23,33): error C2439: 'Square::currentPiece': member could not be initialized (compiling source file Rook.cpp)
C:\Users\banna\Documents\clahess\alt\Square.h(23): message : see declaration of 'Square::currentPiece' (compiling source file Rook.cpp)
C:\Users\banna\Documents\clahess\alt\Board.cpp(43,24): error C2819: type 'Square' does not have an overloaded member 'operator ->'
C:\Users\banna\Documents\clahess\alt\Square.h(14): message : see declaration of 'Square'
C:\Users\banna\Documents\clahess\alt\Board.cpp(43,24): message : did you intend to use '.' instead?
C:\Users\banna\Documents\clahess\alt\Board.cpp(43,39): error C2232: '->Square::currentPiece': left operand has 'class' type, use '.'
C:\Users\banna\Documents\clahess\alt\Rook.h(19,7): error C7568: argument list missing after assumed function template 'unique_ptr' (compiling source file Rook.cpp)
C:\Users\banna\Documents\clahess\alt\Rook.h(20,22): error C7568: argument list missing after assumed function template 'unique_ptr' (compiling source file Rook.cpp)
C:\Users\banna\Documents\clahess\alt\Rook.h(21,7): error C3668: 'Rook::updatePossiblePositions': method with override specifier 'override' did not override any base class methods (compiling source file Rook.cpp)
C:\Users\banna\Documents\clahess\alt\Rook.cpp(5,52): error C2511: 'Rook::Rook(std::unique_ptr<Square,std::default_delete<Square>> &,char)': overloaded member function not found in 'Rook'
C:\Users\banna\Documents\clahess\alt\Rook.h(16): message : see declaration of 'Rook'
C:\Users\banna\Documents\clahess\alt\Rook.cpp(6,1): error C2550: 'Rook::{ctor}': constructor initializer lists are only allowed on constructor definitions
C:\Users\banna\Documents\clahess\alt\Board.cpp(66,2): error C2530: 'position': references must be initialized
C:\Users\banna\Documents\clahess\alt\Board.cpp(66,2): error C3531: 'position': a symbol whose type contains 'auto' must have an initializer
C:\Users\banna\Documents\clahess\alt\Board.cpp(66,23): error C2143: syntax error: missing ';' before ':'
C:\Users\banna\Documents\clahess\alt\Board.cpp(66,72): error C2143: syntax error: missing ';' before ')'
C:\Users\banna\Documents\clahess\alt\Board.cpp(68,11): error C2100: illegal indirection
C:\Users\banna\Documents\clahess\alt\Board.cpp(68,8): error C2088: '<<': illegal for class
C:\Users\banna\Documents\clahess\alt\Rook.cpp(7,23): error C2664: 'void Rook::assignToSquare(unknown-type &)': cannot convert argument 1 from 'std::unique_ptr<Square,std::default_delete<Square>>' to 'unknown-type &'
C:\Users\banna\Documents\clahess\alt\Rook.h(20,7): message : see declaration of 'Rook::assignToSquare' (compiling source file Rook.cpp)
C:\Users\banna\Documents\clahess\alt\Rook.cpp(11,1): error C2511: 'void Rook::assignToSquare(std::unique_ptr<Square,std::default_delete<Square>> &)': overloaded member function not found in 'Rook'
C:\Users\banna\Documents\clahess\alt\Rook.h(16): message : see declaration of 'Rook'
C:\Users\banna\Documents\clahess\alt\Rook.cpp(12,44): error C2671: 'Rook::assignToSquare': static member functions do not have 'this' pointers
C:\Users\banna\Documents\clahess\alt\Rook.cpp(12,25): error C2672: 'std::make_shared': no matching overloaded function found
